<?xml version="1.0" encoding="UTF-8"?>
<testng-results ignored="0" total="2" passed="2" failed="0" skipped="0">
  <reporter-output>
  </reporter-output>
  <suite started-at="2022-10-27T00:55:08 IST" name="Suite" finished-at="2022-10-27T00:55:33 IST" duration-ms="25515">
    <groups>
    </groups>
    <test started-at="2022-10-27T00:55:08 IST" name="Test" finished-at="2022-10-27T00:55:33 IST" duration-ms="25515">
      <class name="TestCases.TestConvert">
        <test-method is-config="true" signature="setUp()[pri:0, instance:TestCases.TestConvert@15761df8]" started-at="2022-10-27T00:55:08 IST" name="setUp" finished-at="2022-10-27T00:55:20 IST" duration-ms="12105" status="PASS">
          <reporter-output>
          </reporter-output>
        </test-method> <!-- setUp -->
        <test-method signature="convert()[pri:1, instance:TestCases.TestConvert@15761df8]" started-at="2022-10-27T00:55:20 IST" name="convert" finished-at="2022-10-27T00:55:22 IST" duration-ms="2295" status="PASS">
          <reporter-output>
          </reporter-output>
        </test-method> <!-- convert -->
        <test-method signature="data()[pri:2, instance:TestCases.TestConvert@15761df8]" started-at="2022-10-27T00:55:22 IST" name="data" finished-at="2022-10-27T00:55:33 IST" duration-ms="10496" status="PASS">
          <reporter-output>
          </reporter-output>
        </test-method> <!-- data -->
        <test-method is-config="true" signature="tearDown()[pri:0, instance:TestCases.TestConvert@15761df8]" started-at="2022-10-27T00:55:33 IST" name="tearDown" finished-at="2022-10-27T00:55:33 IST" duration-ms="529" status="PASS">
          <reporter-output>
          </reporter-output>
        </test-method> <!-- tearDown -->
      </class> <!-- TestCases.TestConvert -->
    </test> <!-- Test -->
  </suite> <!-- Suite -->
</testng-results>
